<?xml version="1.0" encoding="UTF-8"?>
<!-- Generated by org.testng.reporters.JUnitXMLReporter -->
<testsuite hostname="DESKTOP-4L9C8KC" ignored="0" name="CucumberTest1" tests="2" failures="0" timestamp="16 Mar 2019 02:14:35 GMT" time="67.646" errors="0">
  <testcase name="runScenario" time="37.89" classname="cucumber.api.testng.AbstractTestNGCucumberTests"/>
  <testcase name="runScenario" time="29.185" classname="cucumber.api.testng.AbstractTestNGCucumberTests"/>
</testsuite> <!-- CucumberTest1 -->
