<?xml version="1.0" encoding="UTF-8"?>
<!-- Generated by org.testng.reporters.JUnitXMLReporter -->
<testsuite hostname="DESKTOP-4L9C8KC" ignored="0" name="CucumberTest1" tests="2" failures="0" timestamp="16 Mar 2019 03:03:01 GMT" time="55.213" errors="0">
  <testcase name="runScenario" time="32.755" classname="cucumber.api.testng.AbstractTestNGCucumberTests"/>
  <testcase name="runScenario" time="22.078" classname="cucumber.api.testng.AbstractTestNGCucumberTests"/>
</testsuite> <!-- CucumberTest1 -->
