<?xml version="1.0" encoding="UTF-8"?>
<!-- Generated by org.testng.reporters.JUnitXMLReporter -->
<testsuite hostname="DESKTOP-4L9C8KC" ignored="0" name="Test" tests="4" failures="0" timestamp="15 Feb 2019 21:59:54 GMT" time="42.866" errors="0">
  <testcase name="basePageNavigation" time="12.436" classname="academy.HomePage"/>
  <testcase name="basePageNavigation" time="5.942" classname="academy.HomePage"/>
  <testcase name="validateNavBar" time="0.079" classname="academy.ValidateNavBar"/>
  <testcase name="basePageNavigation" time="0.056" classname="academy.ValidateTitle"/>
</testsuite> <!-- Test -->
