<?xml version="1.0" encoding="UTF-8"?>
<testng-results skipped="0" failed="0" ignored="0" total="2" passed="2">
  <reporter-output>
  </reporter-output>
  <suite name="Suite" duration-ms="67646" started-at="2019-03-16T02:13:26Z" finished-at="2019-03-16T02:14:34Z">
    <groups>
      <group name="cucumber">
        <method signature="AbstractTestNGCucumberTests.runScenario(cucumber.api.testng.PickleEventWrapper, cucumber.api.testng.CucumberFeatureWrapper)[pri:0, instance:cucumberOptions.TestRunner@10bdf5e5]" name="runScenario" class="cucumber.api.testng.AbstractTestNGCucumberTests"/>
      </group> <!-- cucumber -->
    </groups>
    <test name="CucumberTest1" duration-ms="67646" started-at="2019-03-16T02:13:26Z" finished-at="2019-03-16T02:14:34Z">
      <class name="cucumberOptions.TestRunner">
        <test-method status="PASS" signature="setUpClass()[pri:0, instance:cucumberOptions.TestRunner@10bdf5e5]" name="setUpClass" is-config="true" duration-ms="392" started-at="2019-03-16T02:13:26Z" finished-at="2019-03-16T02:13:27Z">
          <reporter-output>
          </reporter-output>
        </test-method> <!-- setUpClass -->
        <test-method status="PASS" signature="runScenario(cucumber.api.testng.PickleEventWrapper, cucumber.api.testng.CucumberFeatureWrapper)[pri:0, instance:cucumberOptions.TestRunner@10bdf5e5]" name="runScenario" duration-ms="37890" started-at="2019-03-16T02:13:27Z" description="Runs Cucumber Scenarios" data-provider="scenarios" finished-at="2019-03-16T02:14:05Z">
          <params>
            <param index="0">
              <value>
                <![CDATA["Positive test validating login"]]>
              </value>
            </param>
            <param index="1">
              <value>
                <![CDATA["Login into Application"]]>
              </value>
            </param>
          </params>
          <reporter-output>
          </reporter-output>
        </test-method> <!-- runScenario -->
        <test-method status="PASS" signature="runScenario(cucumber.api.testng.PickleEventWrapper, cucumber.api.testng.CucumberFeatureWrapper)[pri:0, instance:cucumberOptions.TestRunner@10bdf5e5]" name="runScenario" duration-ms="29185" started-at="2019-03-16T02:14:05Z" description="Runs Cucumber Scenarios" data-provider="scenarios" finished-at="2019-03-16T02:14:34Z">
          <params>
            <param index="0">
              <value>
                <![CDATA["Positive test validating login"]]>
              </value>
            </param>
            <param index="1">
              <value>
                <![CDATA["Login into Application"]]>
              </value>
            </param>
          </params>
          <reporter-output>
          </reporter-output>
        </test-method> <!-- runScenario -->
        <test-method status="PASS" signature="tearDownClass()[pri:0, instance:cucumberOptions.TestRunner@10bdf5e5]" name="tearDownClass" is-config="true" duration-ms="11" started-at="2019-03-16T02:14:34Z" finished-at="2019-03-16T02:14:34Z">
          <reporter-output>
          </reporter-output>
        </test-method> <!-- tearDownClass -->
      </class> <!-- cucumberOptions.TestRunner -->
    </test> <!-- CucumberTest1 -->
  </suite> <!-- Suite -->
</testng-results>
